\BOOKMARK [0][-]{chapter.1}{\376\377\121\375\145\160\116\016\147\201\226\120}{}% 1
\BOOKMARK [1][-]{section.1.1}{\376\377\122\051\165\050\133\232\116\111\213\301\146\016\147\201\226\120}{chapter.1}% 2
\BOOKMARK [2][-]{subsection.1.1.1}{\376\377\201\352\123\330\221\317\215\213\116\216\147\011\226\120\120\074\145\366\121\375\145\160\166\204\147\201\226\120}{section.1.1}% 3
\BOOKMARK [2][-]{subsection.1.1.2}{\376\377\201\352\123\330\221\317\215\213\116\216\145\340\172\167\131\047\145\366\121\375\145\160\166\204\147\201\226\120}{section.1.1}% 4
\BOOKMARK [2][-]{subsection.1.1.3}{\376\377\145\340\172\167\134\017\116\016\145\340\172\167\131\047}{section.1.1}% 5
\BOOKMARK [2][-]{subsection.1.1.4}{\376\377\123\125\117\247\147\201\226\120}{section.1.1}% 6
\BOOKMARK [2][-]{subsection.1.1.5}{\376\377\122\051\165\050\133\232\116\111\154\102\121\375\145\160\166\204\147\201\226\120\166\204\211\343\230\230\145\271\154\325}{section.1.1}% 7
\BOOKMARK [2][-]{subsection.1.1.6}{\376\377\213\301\146\016\121\375\145\160\166\204\147\201\226\120\116\015\133\130\127\050\166\204\145\271\154\325}{section.1.1}% 8
\BOOKMARK [1][-]{section.1.2}{\376\377\122\051\165\050\147\201\226\120\217\320\173\227\154\325\122\031\124\214\116\044\116\052\121\306\122\031\154\102\147\201\226\120}{chapter.1}% 9
\BOOKMARK [2][-]{subsection.1.2.1}{\376\377\147\201\226\120\217\320\173\227\154\325\122\031}{section.1.2}% 10
\BOOKMARK [2][-]{subsection.1.2.2}{\376\377\147\201\226\120\217\320\173\227\121\306\122\031}{section.1.2}% 11
\BOOKMARK [2][-]{subsection.1.2.3}{\376\377\117\213\230\230}{section.1.2}% 12
\BOOKMARK [1][-]{section.1.3}{\376\377\122\051\165\050\173\111\116\367\145\340\172\167\134\017\154\102\147\201\226\120}{chapter.1}% 13
\BOOKMARK [2][-]{subsection.1.3.1}{\376\377\145\340\172\167\134\017\166\204\122\006\174\173}{section.1.3}% 14
\BOOKMARK [2][-]{subsection.1.3.2}{\376\377\136\070\211\301\166\204\173\111\116\367\145\340\172\167\134\017}{section.1.3}% 15
\BOOKMARK [2][-]{subsection.1.3.3}{\376\377\173\111\116\367\145\340\172\167\134\017\154\102\147\201\226\120\166\204\147\054\215\050}{section.1.3}% 16
\BOOKMARK [2][-]{subsection.1.3.4}{\376\377\117\213\230\230}{section.1.3}% 17
\BOOKMARK [1][-]{section.1.4}{\376\377\121\375\145\160\217\336\176\355\140\047}{chapter.1}% 18
\BOOKMARK [2][-]{subsection.1.4.1}{\376\377\121\375\145\160\217\336\176\355\140\047\166\204\133\232\116\111}{section.1.4}% 19
\BOOKMARK [2][-]{subsection.1.4.2}{\376\377\121\375\145\160\166\204\225\364\145\255\160\271}{section.1.4}% 20
\BOOKMARK [0][-]{chapter.2}{\376\377\221\315\171\357\122\006}{}% 21
\BOOKMARK [1][-]{section.2.1}{\376\377\116\214\221\315\171\357\122\006}{chapter.2}% 22
\BOOKMARK [2][-]{subsection.2.1.1}{\376\377\116\214\221\315\171\357\122\006\166\204\133\232\116\111}{section.2.1}% 23
\BOOKMARK [2][-]{subsection.2.1.2}{\376\377\116\214\221\315\171\357\122\006\166\204\140\047\215\050}{section.2.1}% 24
\BOOKMARK [2][-]{subsection.2.1.3}{\376\377\116\214\221\315\171\357\122\006\166\204\213\241\173\227}{section.2.1}% 25
\BOOKMARK [2][-]{subsection.2.1.4}{\376\377\116\214\221\315\171\357\122\006\166\204\121\340\117\125\136\224\165\050}{section.2.1}% 26
\BOOKMARK [1][-]{section.2.2}{\376\377\116\011\221\315\171\357\122\006}{chapter.2}% 27
\BOOKMARK [2][-]{subsection.2.2.1}{\376\377\116\011\221\315\171\357\122\006\166\204\133\232\116\111}{section.2.2}% 28
\BOOKMARK [2][-]{subsection.2.2.2}{\376\377\116\011\221\315\171\357\122\006\166\204\140\047\215\050}{section.2.2}% 29
\BOOKMARK [2][-]{subsection.2.2.3}{\376\377\116\011\221\315\171\357\122\006\166\204\213\241\173\227}{section.2.2}% 30
\BOOKMARK [2][-]{subsection.2.2.4}{\376\377\116\011\221\315\171\357\122\006\166\204\121\340\117\125\136\224\165\050}{section.2.2}% 31
\BOOKMARK [0][-]{chapter.3}{\376\377\146\362\176\277\171\357\122\006\124\214\146\362\227\142\171\357\122\006}{}% 32
\BOOKMARK [1][-]{section.3.1}{\376\377\173\054\116\000\127\213\146\362\176\277\171\357\122\006}{chapter.3}% 33
\BOOKMARK [2][-]{subsection.3.1.1}{\376\377\173\054\116\000\127\213\146\362\176\277\171\357\122\006\166\204\127\372\147\054\151\202\137\365}{section.3.1}% 34
\BOOKMARK [2][-]{subsection.3.1.2}{\376\377\173\054\116\000\127\213\146\362\176\277\171\357\122\006\166\204\127\372\147\054\140\047\215\050}{section.3.1}% 35
\BOOKMARK [2][-]{subsection.3.1.3}{\376\377\173\054\116\000\127\213\146\362\176\277\171\357\122\006\166\204\213\241\173\227}{section.3.1}% 36
\BOOKMARK [1][-]{section.3.2}{\376\377\173\054\116\214\127\213\146\362\176\277\171\357\122\006}{chapter.3}% 37
\BOOKMARK [2][-]{subsection.3.2.1}{\376\377\173\054\116\214\127\213\146\362\176\277\171\357\122\006\166\204\127\372\147\054\151\202\137\365}{section.3.2}% 38
\BOOKMARK [2][-]{subsection.3.2.2}{\376\377\173\054\116\214\127\213\146\362\176\277\171\357\122\006\166\204\127\372\147\054\140\047\215\050}{section.3.2}% 39
\BOOKMARK [2][-]{subsection.3.2.3}{\376\377\173\054\116\214\127\213\146\362\176\277\171\357\122\006\166\204\213\241\173\227}{section.3.2}% 40
\BOOKMARK [2][-]{subsection.3.2.4}{\376\377\173\054\116\214\127\213\146\362\227\142\171\357\122\006\116\016\215\357\137\204\145\340\121\163\166\204\122\044\133\232}{section.3.2}% 41
\BOOKMARK [1][-]{section.3.3}{\376\377\173\054\116\000\127\213\146\362\227\142\171\357\122\006}{chapter.3}% 42
\BOOKMARK [2][-]{subsection.3.3.1}{\376\377\173\054\116\000\127\213\146\362\227\142\166\204\127\372\147\054\151\202\137\365}{section.3.3}% 43
\BOOKMARK [2][-]{subsection.3.3.2}{\376\377\173\054\116\000\127\213\146\362\227\142\171\357\122\006\166\204\127\372\147\054\140\047\215\050}{section.3.3}% 44
\BOOKMARK [2][-]{subsection.3.3.3}{\376\377\173\054\116\000\127\213\146\362\227\142\171\357\122\006\166\204\213\241\173\227}{section.3.3}% 45
\BOOKMARK [1][-]{section.3.4}{\376\377\173\054\116\214\127\213\146\362\227\142\171\357\122\006}{chapter.3}% 46
\BOOKMARK [2][-]{subsection.3.4.1}{\376\377\173\054\116\214\127\213\146\362\227\142\171\357\122\006\166\204\127\372\147\054\151\202\137\365}{section.3.4}% 47
\BOOKMARK [2][-]{subsection.3.4.2}{\376\377\173\054\116\214\127\213\146\362\227\142\171\357\122\006\166\204\127\372\147\054\140\047\215\050}{section.3.4}% 48
\BOOKMARK [2][-]{subsection.3.4.3}{\376\377\173\054\116\214\127\213\146\362\227\142\171\357\122\006\116\016\173\054\116\000\127\213\146\362\227\142\171\357\122\006\166\204\121\163\174\373}{section.3.4}% 49
\BOOKMARK [2][-]{subsection.3.4.4}{\376\377\173\054\116\214\127\213\146\362\227\142\171\357\122\006\166\204\213\241\173\227}{section.3.4}% 50
\BOOKMARK [1][-]{section.3.5}{\376\377\145\257\142\130\121\113\145\257\121\154\137\017}{chapter.3}% 51
\BOOKMARK [1][-]{section.3.6}{\376\377\171\357\122\006\166\204\162\171\160\271}{chapter.3}% 52
\BOOKMARK [2][-]{subsection.3.6.1}{\376\377\171\357\122\006\123\072\127\337\166\204\123\357\116\343\121\145\140\047}{section.3.6}% 53
\BOOKMARK [2][-]{subsection.3.6.2}{\376\377\131\032\121\103\121\375\145\160\166\204\131\107\120\166\140\047}{section.3.6}% 54
\BOOKMARK [1][-]{section.3.7}{\376\377\171\357\122\006\166\204\217\156\143\142\133\371\171\360\140\047}{chapter.3}% 55
\BOOKMARK [1][-]{section.3.8}{\376\377\171\357\122\006\166\204\131\107\120\166\133\371\171\360\140\047}{chapter.3}% 56
\BOOKMARK [0][-]{chapter.4}{\376\377\136\070\137\256\122\006\145\271\172\013}{}% 57
\BOOKMARK [1][-]{section.4.1}{\376\377\116\000\226\066\137\256\122\006\145\271\172\013}{chapter.4}% 58
\BOOKMARK [2][-]{subsection.4.1.1}{\376\377\123\357\122\006\171\273\123\330\221\317\166\204\145\271\172\013}{section.4.1}% 59
\BOOKMARK [1][-]{section.4.2}{\376\377\116\000\226\066\176\277\140\047\137\256\122\006\145\271\172\013}{chapter.4}% 60
\BOOKMARK [2][-]{subsection.4.2.1}{\376\377\116\000\226\066\176\277\140\047\237\120\153\041\137\256\122\006\145\271\172\013}{section.4.2}% 61
\BOOKMARK [2][-]{subsection.4.2.2}{\376\377\116\000\226\066\176\277\140\047\227\136\237\120\153\041\137\256\122\006\145\271\172\013}{section.4.2}% 62
\BOOKMARK [1][-]{section.4.3}{\376\377\121\150\137\256\122\006\145\271\172\013\116\016\171\357\122\006\126\340\133\120}{chapter.4}% 63
\BOOKMARK [2][-]{subsection.4.3.1}{\376\377\121\150\137\256\122\006\145\271\172\013}{section.4.3}% 64
\BOOKMARK [2][-]{subsection.4.3.2}{\376\377\171\357\122\006\126\340\133\120}{section.4.3}% 65
\BOOKMARK [1][-]{section.4.4}{\376\377\123\357\226\115\226\066\166\204\116\214\226\066\137\256\122\006\145\271\172\013}{chapter.4}% 66
\BOOKMARK [1][-]{section.4.5}{\376\377\232\330\226\066\176\277\140\047\137\256\122\006\145\271\172\013}{chapter.4}% 67
\BOOKMARK [2][-]{subsection.4.5.1}{\376\377\116\214\226\066\176\277\140\047\237\120\153\041\137\256\122\006\145\271\172\013}{section.4.5}% 68
\BOOKMARK [2][-]{subsection.4.5.2}{\376\377\116\214\226\066\176\277\140\047\227\136\237\120\153\041\137\256\122\006\145\271\172\013}{section.4.5}% 69
\BOOKMARK [1][-]{section.4.6}{\376\377\116\214\226\066\176\277\140\047\136\070\174\373\145\160\137\256\122\006\145\271\172\013}{chapter.4}% 70
\BOOKMARK [2][-]{subsection.4.6.1}{\376\377\116\214\226\066\176\277\140\047\136\070\174\373\145\160\237\120\153\041\137\256\122\006\145\271\172\013}{section.4.6}% 71
\BOOKMARK [2][-]{subsection.4.6.2}{\376\377\116\214\226\066\176\277\140\047\136\070\174\373\145\160\227\136\237\120\153\041\137\256\122\006\145\271\172\013}{section.4.6}% 72
\BOOKMARK [0][-]{equation.4.6.51}{\376\377\226\104\137\125}{}% 73
\BOOKMARK [1][-]{section*.2}{\376\377\175\042\137\025}{equation.4.6.51}% 74
